********************************************************************************
PACKAGE-LOG: 2016-03-25 14:07:44
NOTICE: Do NOT post to public sites or forums 
********************************************************************************
VERSION:	1.1.4
WORDPRESS:	4.4.2
PHP INFO:	5.5.9-1ubuntu4.14 | SAPI: apache2handler
SERVER:		Apache/2.4.7 (Ubuntu) 
PHP TIME LIMIT: (0) no time limit imposed 
PHP MAX MEMORY: 5000M (128M default) 
MEMORY STACK: 7.75MB 

********************************************************************************
DATABASE:
********************************************************************************
BUILD MODE:   PHP(query limit - 100)
MYSQLTIMEOUT: 5000
MYSQLDUMP:    Is Supported 
TABLES: total:13 | filtered:0 | create:13 
FILTERED: [] 
SQL CREATED: PruebaManrique_56f54503903e91864160325140243_database.sql 
SQL FILE SIZE: 499.19KB (511175) 
SQL FILE TIME: 2016-03-25 14:07:44 
SQL RUNTIME: 0.07 sec. 

******************************************************************************** 
ARCHIVE (ZIP): 
******************************************************************************** 
ARCHIVE DIR:  /home/ubuntu/workspace 
ARCHIVE FILE: PruebaManrique_56f54503903e91864160325140243_archive.zip 
FILTERS: *OFF* 
DIRS:  not set 
EXTS:  not set 
---------------------------------------- 
COMPRESSING 
SIZE:	41.81MB 
STATS:	Dirs 229 | Files 2,034 
SQL ADDED: PruebaManrique_56f54503903e91864160325140243_database.sql 
ZipArchive Object
(
    [status] => 0
    [statusSys] => 0
    [numFiles] => 2263
    [filename] => /home/ubuntu/workspace/wp-snapshots/tmp/PruebaManrique_56f54503903e91864160325140243_archive.zip
    [comment] => 
)
 
COMPRESSION RESULT: '1' 
COMPRESSED SIZE: 17.33MB 
ARCHIVE RUNTIME: 6.09 sec. 
MEMORY STACK: 8.5MB 

******************************************************************************** 
MAKE INSTALLER: 
******************************************************************************** 
Build Start 
Build Finished 
Preping for use 
Template parsed with new data 
Complete [/home/ubuntu/workspace/wp-snapshots/tmp/PruebaManrique_56f54503903e91864160325140243_installer.php] 
Added to archive 

******************************************************************************** 
INTEGRITY CHECKS: 
******************************************************************************** 
SQL File: 499.19KB 
Installer File: 318.87KB 
Archive File: 17.33MB  

********************************************************************************
RECORD ID:[1]
TOTAL PROCESS RUNTIME: 6.50 sec.
PEAK PHP MEMORY USED: 11MB
DONE PROCESSING => PruebaManrique 2016-03-25 14:07:50
 
