********************************************************************************
PACKAGE-LOG: 2016-03-29 01:29:31
NOTICE: Do NOT post to public sites or forums 
********************************************************************************
VERSION:	1.1.4
WORDPRESS:	4.4.2
PHP INFO:	5.5.9-1ubuntu4.14 | SAPI: apache2handler
SERVER:		Apache/2.4.7 (Ubuntu) 
PHP TIME LIMIT: (0) no time limit imposed 
PHP MAX MEMORY: 5000M (128M default) 
MEMORY STACK: 7.75MB 

********************************************************************************
DATABASE:
********************************************************************************
BUILD MODE:   PHP(query limit - 100)
MYSQLTIMEOUT: 5000
MYSQLDUMP:    Is Supported 
TABLES: total:13 | filtered:0 | create:13 
FILTERED: [] 
SQL CREATED: temaBlog_56f9da4df20312960160329012845_database.sql 
SQL FILE SIZE: 496.06KB (507965) 
SQL FILE TIME: 2016-03-29 01:29:31 
SQL RUNTIME: 0.19 sec. 

******************************************************************************** 
ARCHIVE (ZIP): 
******************************************************************************** 
ARCHIVE DIR:  /home/ubuntu/workspace 
ARCHIVE FILE: temaBlog_56f9da4df20312960160329012845_archive.zip 
FILTERS: *OFF* 
DIRS:  not set 
EXTS:  not set 
---------------------------------------- 
COMPRESSING 
SIZE:	41.81MB 
STATS:	Dirs 229 | Files 2,034 
SQL ADDED: temaBlog_56f9da4df20312960160329012845_database.sql 
ZipArchive Object
(
    [status] => 0
    [statusSys] => 0
    [numFiles] => 2263
    [filename] => /home/ubuntu/workspace/wp-snapshots/tmp/temaBlog_56f9da4df20312960160329012845_archive.zip
    [comment] => 
)
 
COMPRESSION RESULT: '1' 
COMPRESSED SIZE: 17.33MB 
ARCHIVE RUNTIME: 10.02 sec. 
MEMORY STACK: 8.5MB 

******************************************************************************** 
MAKE INSTALLER: 
******************************************************************************** 
Build Start 
Build Finished 
Preping for use 
Template parsed with new data 
Complete [/home/ubuntu/workspace/wp-snapshots/tmp/temaBlog_56f9da4df20312960160329012845_installer.php] 
Added to archive 

******************************************************************************** 
INTEGRITY CHECKS: 
******************************************************************************** 
SQL File: 496.06KB 
Installer File: 318.86KB 
Archive File: 17.33MB  

********************************************************************************
RECORD ID:[2]
TOTAL PROCESS RUNTIME: 10.81 sec.
PEAK PHP MEMORY USED: 11MB
DONE PROCESSING => temaBlog 2016-03-29 01:29:42
 
